         w __deregister_frame_info
         w __register_frame_info
         w userAppExit
         w userAppInit
00000000 00000802 B __ctru_dev_utf16_buf
00000000 a shift
00000000 a shift
00000000 b _TLS_MODULE_BASE_
00000804 00000401 B __ctru_dev_path_buf
00100000 A __start__
00100000 T _start
00100008 T __service_ptr
0010000c T __apt_appid
00100010 T __heap_size
00100014 T __linear_heap_size
00100018 T __system_arglist
0010001c T __system_runflags
00100020 t startup
00100058 t ClearMem
0010006c t ClrLoop
00100094 T _init
001000ac T __aeabi_uidiv
001000ac 000001ec T __udivsi3
001000ac t .udivsi3_skip_div0_test
00100298 00000020 T __aeabi_uidivmod
001002b8 T __aeabi_idiv
001002b8 00000220 T __divsi3
001002c0 t .divsi3_skip_div0_test
001004d8 00000020 T __aeabi_idivmod
001004f8 00000004 W __aeabi_idiv0
001004f8 00000004 W __aeabi_ldiv0
00100508 00000390 T strcmp
00100890 t __do_global_dtors_aux
001008d0 t frame_dummy
001008fc 000000e8 T main
001009e4 00000084 T drawText
00100a68 00000044 t C2Di_FrameEndHook
00100ab0 0000036c T C2D_Init
00100e1c 0000004c T C2D_Fini
00100e68 000000b8 T C2D_Prepare
00100f20 00000048 T C2D_Flush
00100f68 00000104 T C2D_SceneSize
0010106c 00000058 T C2D_CreateScreenTarget
001010c4 00000064 T C2D_TargetClear
00101128 00000058 T C2Di_AppendQuad
00101180 00000040 T C2Di_AppendVtx
001011c0 00000550 T C2Di_Update
00101710 00000018 t C2Di_GlyphComp
00101728 00000140 t C2Di_CalcLineWidths
00101868 000001dc T C2D_TextBufNew
00101a44 00000004 T C2D_TextBufDelete
00101a48 000001c8 T C2D_TextFontParseLine
00101c10 000000a8 T C2D_TextFontParse
00101cb8 00000014 T C2D_TextParse
00101ccc 00000030 T C2D_TextOptimize
00101cfc 00000f6c T C2D_DrawText
00102c68 00000044 T C2D_FontGlyphIndexFromCodePoint
00102cac 00000078 T C2D_FontCalcGlyphPos
00102d24 00000004 W C3Di_LightEnvUpdate
00102d28 00000004 W C3Di_LightEnvDirty
00102d2c 000000b4 t C3Di_AptEventHook
00102de0 00000004 W C3Di_GasUpdate
00102de4 000001e0 T C3D_Init
00102fc4 00000098 T C3D_SetViewport
0010305c 000004e8 T C3Di_UpdateContext
00103544 000000e0 T C3Di_SplitFrame
00103624 00000044 T C3D_Fini
00103668 00000114 T C3D_BindProgram
0010377c 0000004c t onVBlank0
001037c8 0000004c t onVBlank1
00103814 00000080 t C3Di_RenderTargetDestroy
00103894 000000f4 t onQueueFinish
00103988 00000038 T C3Di_RenderQueueEnableVBlank
001039c0 00000030 T C3Di_RenderQueueDisableVBlank
001039f0 00000060 T C3Di_RenderQueueInit
00103a50 000000b0 T C3Di_RenderQueueExit
00103b00 00000034 T C3Di_RenderQueueWaitDone
00103b34 000000e4 T C3D_FrameBegin
00103c18 00000048 T C3D_FrameDrawOn
00103c60 00000058 T C3D_FrameSplit
00103cb8 000001d8 T C3D_FrameEnd
00103e90 0000001c T C3D_FrameEndHook
00103eac 00000184 T C3D_RenderTargetCreate
00104030 000000a8 T C3D_RenderTargetSetOutput
001040d8 00000044 T C3D_TexBind
0010411c 0000016c T C3Di_SetTex
00104288 0000001c T C3D_CalcColorBufSize
001042a4 0000001c T C3D_CalcDepthBufSize
001042c0 00000044 T C3D_SetFrameBuf
00104304 0000016c T C3Di_FrameBufBind
00104470 000000c8 T C3D_FrameBufClear
00104538 00000044 T C3D_FrameBufTransfer
0010457c 00000034 T C3D_GetTexEnv
001045b0 00000024 T C3Di_TexEnvBind
001045d4 00000218 T C3D_DrawElements
001047ec 00000070 T C3D_ProcTexInit
0010485c 00000054 T C3D_ProcTexBind
001048b0 0000005c T C3D_ProcTexLutBind
0010490c 000000a4 T ProcTexLut_FromArray
001049b0 0000017c T C3Di_ProcTexUpdate
00104b2c 00000068 T C3Di_ProcTexDirty
00104b94 00000024 T BufInfo_Init
00104bb8 00000080 T BufInfo_Add
00104c38 00000040 T C3D_SetBufInfo
00104c78 00000048 T C3Di_BufInfoBind
00104cc0 00000040 T C3D_DepthMap
00104d00 0000001c T C3D_CullFace
00104d1c 00000040 T C3D_StencilTest
00104d5c 00000024 T C3D_StencilOp
00104d80 0000001c T C3D_BlendingColor
00104d9c 00000024 T C3D_EarlyDepthTest
00104dc0 0000002c T C3D_DepthTest
00104dec 0000002c T C3D_AlphaTest
00104e18 00000050 T C3D_AlphaBlend
00104e68 00000030 T C3D_FragOpMode
00104e98 00000044 T C3D_FragOpShadow
00104edc 000001ac T C3Di_EffectBind
00105088 00000028 T AttrInfo_Init
001050b0 00000094 T AttrInfo_AddLoader
00105144 00000054 T C3D_SetAttrInfo
00105198 00000080 T C3Di_AttrInfoBind
00105218 000000a8 T C3D_ImmSendAttrib
001052c0 00000280 T C3D_UpdateUniforms
00105540 000000c0 T C3Di_DirtyUniforms
00105600 000000d8 T C3Di_LoadShaderUniforms
001056d8 00000028 T C3Di_ClearShaderUniforms
00105700 000000cc T Mtx_Ortho
001057cc 000000cc T Mtx_OrthoTilt
00105898 00000024 t addrMapNodeComparator(rbtree_node const*, rbtree_node const*)
001058bc 00000004 t addrMapNodeDestructor(rbtree_node*)
001058c0 00000250 T vramMemAlignAt
00105b10 0000000c T vramAlloc
00105b1c 0000000c T vramAllocAt
00105b28 00000090 T vramFree
00105bb8 00000024 t addrMapNodeComparator(rbtree_node const*, rbtree_node const*)
00105bdc 00000004 t addrMapNodeDestructor(rbtree_node*)
00105be0 00000120 T linearMemAlign
00105d00 00000008 T linearAlloc
00105d08 0000005c T linearFree
00105d64 00000080 T MemPool::CoalesceRight(MemBlock*)
00105de4 0000016c T MemPool::Allocate(MemChunk&, unsigned long, int)
00105f50 000000fc T MemPool::Deallocate(MemChunk const&)
0010604c 00000030 T MemPool::GetFreeSpace()
0010607c 00000074 T osConvertVirtToPhys
001060f0 00000034 T __ctru_speedup_config
00106124 00000094 T fontEnsureMapped
001061b8 00000100 T fontGlyphIndexFromCodePoint
001062b8 000001ec T fontCalcGlyphPos
001064a4 000000d0 t gfxPresentFramebuffer
00106574 0000001c T gfxIsWide
00106590 000000ec T gfxSetScreenFormat
0010667c 000000e0 T gfxInit
0010675c 00000010 T gfxInitDefault
0010676c 000000b4 T gfxExit
00106820 000000a0 T gfxGetFramebuffer
001068c0 00000030 T gfxScreenSwapBuffers
001068f0 000001d4 T shaderInstanceInit
00106ac4 00000018 T shaderInstanceGetUniformLocation
00106adc 0000001c T shaderProgramInit
00106af8 00000064 T shaderProgramFree
00106b5c 00000080 T shaderProgramSetVsh
00106bdc 000008e0 T shaderProgramConfigure
001074bc 000001cc t DVLE_GenerateOutmap.part.0
00107688 000001b4 T DVLB_ParseFile
0010783c 00000038 T DVLB_Free
00107874 00000074 T DVLE_GetUniformRegister
001078e8 00000010 T GX_BindQueue
001078f8 00000078 T GX_ProcessCommandList
00107970 00000074 T GX_MemoryFill
001079e4 00000070 T GX_DisplayTransfer
00107a54 00000068 t gxCmdQueueDoCommands.part.0
00107abc 000000c8 T gxCmdQueueInterrupt
00107b84 0000004c T gxCmdQueueClear
00107bd0 000000f8 T gxCmdQueueAdd
00107cc8 00000080 T gxCmdQueueRun
00107d48 00000060 T gxCmdQueueStop
00107da8 00000074 T gxCmdQueueWait
00107e1c 0000013c T GPUCMD_Add
00107f58 000000b0 T GPUCMD_Split
00108008 00000034 T f32tof16
0010803c 00000034 T f32tof24
00108070 00000038 T f32tof31
001080a8 00000c58 t gspHardwareInit
00108d00 00000248 T gspInit
00108f48 000000f0 T gspExit
00109038 00000010 T gspHasGpuRight
00109048 000000a0 T gspPresentBuffer
001090e8 00000030 T gspSetEventCallback
00109118 00000044 T gspWaitForEvent
0010915c 0000004c T gspWaitForAnyEvent
001091a8 00000158 t gspEventThreadMain
00109300 00000130 T gspSubmitGxCommand
00109430 00000050 T GSPGPU_FlushDataCache
00109480 00000034 T GSPGPU_SetLcdForceBlack
001094b4 00000068 T GSPGPU_AcquireRight
0010951c 00000048 T GSPGPU_ReleaseRight
00109564 0000007c T GSPGPU_ImportDisplayCaptureInfo
001095e0 0000002c T GSPGPU_SaveVramSysArea
0010960c 0000002c T GSPGPU_RestoreVramSysArea
00109638 000001a4 t aptConvertScreenForCapture
001097dc 00000008 W aptDspSleep
001097e4 00000004 W aptDspWakeup
001097e8 00000004 W aptDspCancel
001097ec 00000158 T aptSendCommand
00109948 00000044 t aptExitProcess
0010998c 000003b0 T aptExit
00109d3c 000000e0 T aptHandleSleep
00109e1c 00000030 T aptHook
00109e4c 00000030 T aptUnhook
00109e7c 00000084 T APT_SleepIfShellClosed
00109f00 00000084 T aptSetSleepAllowed
00109f84 00000084 T APT_UnlockTransition
0010a008 000004a4 t aptEventHandler
0010a4ac 000000b0 T APT_ReceiveParameter
0010a55c 000000b0 t aptReceiveParameter.constprop.0
0010a610 000002ac t aptScreenTransfer
0010a8bc 00000344 t aptWaitForWakeUp.isra.0
0010ac00 00000100 T aptJumpToHomeMenu
0010ad00 00000048 T aptMainLoop
0010ad48 0000022c T aptInit
0010af74 0000007c T APT_CheckNew3DS
0010aff0 00000048 T APT_GetSharedFont
0010b038 00000024 W hidShouldUseIrrst
0010b05c 0000018c T hidInit
0010b1e8 000000e8 T hidExit
0010b2d0 000002a4 T hidScanInput
0010b574 00000010 T hidKeysDown
0010b584 00000074 T ptmSysmInit
0010b5f8 0000003c T ptmSysmExit
0010b634 00000034 T PTMSYSM_ConfigureNew3DSCPU
0010b668 000000cc T fsInit
0010b734 0000003c T fsExit
0010b770 00000060 T fsExemptFromSession
0010b7d0 00000050 T fsUnexemptFromSession
0010b820 000000cc T FSUSER_OpenFile
0010b8ec 000000bc T FSUSER_DeleteFile
0010b9a8 000000f8 T FSUSER_RenameFile
0010baa0 000000bc T FSUSER_DeleteDirectory
0010bb5c 000000d4 T FSUSER_CreateFile
0010bc30 000000c4 T FSUSER_CreateDirectory
0010bcf4 000000f8 T FSUSER_RenameDirectory
0010bdec 000000b4 T FSUSER_OpenDirectory
0010bea0 00000098 T FSUSER_OpenArchive
0010bf38 0000008c T FSUSER_CloseArchive
0010bfc4 00000074 T FSUSER_GetSdmcArchiveResource
0010c038 00000064 T FSUSER_IsSdmcWritable
0010c09c 00000058 T FSFILE_Read
0010c0f4 00000060 T FSFILE_Write
0010c154 0000003c T FSFILE_GetSize
0010c190 00000028 T FSFILE_SetSize
0010c1b8 0000003c T FSFILE_Close
0010c1f4 00000024 T FSFILE_Flush
0010c218 00000050 T FSDIR_Read
0010c268 0000003c T FSDIR_Close
0010c2a4 00000010 T rbtree_init
0010c2b4 000001b4 t do_insert
0010c468 00000008 T rbtree_insert
0010c470 00000090 T rbtree_rotate
0010c500 00000318 T rbtree_remove
0010c818 00000074 T rbtree_find
0010c88c 000000e8 T utf16_to_utf8
0010c974 00000064 T decode_utf16
0010c9d8 0000013c T decode_utf8
0010cb14 000000c0 T utf8_to_utf16
0010cbd8 000001e0 W __system_allocateHeaps
0010cdb8 00000038 W __libctru_init
0010cdf0 00000170 W __system_initArgv
0010cf60 T svcControlMemory
0010cf80 T svcQueryMemory
0010cfb0 T svcExitProcess
0010cfb8 T svcCreateThread
0010cfd8 T svcExitThread
0010cfe0 T svcSleepThread
0010cfe8 T svcReleaseMutex
0010cff0 T svcCreateEvent
0010d004 T svcSignalEvent
0010d00c T svcClearEvent
0010d014 T svcMapMemoryBlock
0010d01c T svcUnmapMemoryBlock
0010d024 T svcCreateAddressArbiter
0010d038 T svcArbitrateAddressNoTimeout
0010d040 T svcCloseHandle
0010d048 T svcWaitSynchronization
0010d050 T svcWaitSynchronizationN
0010d078 T svcDuplicateHandle
0010d08c T svcGetSystemTick
0010d094 T svcConnectToPort
0010d0a8 T svcSendSyncRequest
0010d0b0 T svcGetResourceLimit
0010d0c4 T svcGetResourceLimitLimitValues
0010d0cc T svcGetResourceLimitCurrentValues
0010d0d4 T svcBreak
0010d0dc W initSystem
0010d12c W __ctru_exit
0010d144 T __aeabi_read_tp
0010d150 0000000c T __sync_init
0010d15c 00000018 T __sync_fini
0010d174 0000002c T syncArbitrateAddress
0010d1a0 000000b0 T LightLock_Lock
0010d250 00000040 T LightLock_Unlock
0010d290 00000030 T RecursiveLock_Lock
0010d2c0 00000054 T RecursiveLock_Unlock
0010d314 00000040 T LightEvent_Init
0010d354 000000a4 T LightEvent_Clear
0010d3f8 000000c8 T LightEvent_Signal
0010d4c0 00000050 T LightEvent_TryWait
0010d510 000000b0 T LightEvent_Wait
0010d5c0 00000084 W envGetHandle
0010d644 00000050 W envDestroyHandles
0010d694 00000130 T srvInit
0010d7c4 00000058 T srvExit
0010d81c 00000060 T srvEnableNotification
0010d87c 000000a0 T srvGetServiceHandleDirect
0010d91c 00000038 T srvGetServiceHandle
0010d954 00000034 T srvSubscribe
0010d988 00000060 T srvReceiveNotification
0010d9e8 00000038 T srvPublishToSubscriber
0010da20 000001d0 T threadCreate
0010dbf0 0000002c T threadFree
0010dc1c 00000024 T threadJoin
0010dc40 00000030 T threadGetCurrent
0010dc70 00000040 T threadExit
0010dcb0 00000020 t _thread_begin
0010dcd0 000000b4 t mappableFindAddressWithin
0010dd84 00000028 T mappableInit
0010ddac 00000080 T mappableAlloc
0010de2c 00000004 T mappableFree
0010de30 00000164 T irrstInit
0010df94 000000cc T irrstExit
0010e060 000000b4 T irrstScanInput
0010e114 00000024 T irrstKeysHeld
0010e138 0000000c T srvPmGetSessionHandle
0010e144 0000005c T rbtree_node_next
0010e1a0 00000054 T encode_utf16
0010e1f4 000000e0 T encode_utf8
0010e2d4 00000030 W __appInit
0010e304 00000030 T __syscall_getreent
0010e334 00000004 T __syscall_lock_acquire_recursive
0010e338 00000004 T __syscall_lock_release_recursive
0010e33c 00000004 T __syscall_exit
0010e340 00000050 T initThreadVars
0010e390 00000080 T __system_initSyscalls
0010e410 00000030 W __appExit
0010e440 00000090 W __libctru_exit
0010e4d0 00000014 t archive_link
0010e4e4 00000014 t archive_dirreset
0010e4f8 00000014 t archive_chmod
0010e50c 00000024 t error_cmp
0010e530 00000050 t archive_translate_error
0010e580 000000c8 t archive_seek
0010e648 0000007c t _archiveInit.part.0
0010e6c4 000000c4 t archiveFindDevice.part.0
0010e788 0000025c t archive_utf16path
0010e9e4 000000a0 t _archiveUnmountDeviceStruct.part.0
0010ea84 00000014 t archive_fchmod
0010ea98 00000014 t archive_statvfs
0010eaac 00000164 t _archiveMountDevice
0010ec10 000000e8 t archive_diropen
0010ecf8 000000a4 t archive_fstat
0010ed9c 0000006c t archive_close
0010ee08 0000006c t archive_fsync
0010ee74 00000070 t archive_dirclose
0010eee4 000000e8 t sdmc_statvfs
0010efcc 000000ec t archive_chdir
0010f0b8 0000007c t archive_ftruncate
0010f134 000000ac t archive_read
0010f1e0 000000a4 t archive_unlink
0010f284 000000bc t archive_rmdir
0010f340 000000dc t archive_mkdir
0010f41c 0000019c t archive_stat
0010f5b8 0000015c t archive_dirnext
0010f714 000000ec t archive_write
0010f800 000001d4 t archive_open
0010f9d4 00000278 t archive_rename
0010fc4c 0000019c T archiveMountSdmc
0010fde8 00000054 T archiveUnmountAll
0010fe3c 000000b8 T ceilf
0010fef4 00000078 T bsearch
0010ff6c 00000020 T calloc
0010ff8c 000000c0 T _calloc_r
0011004c 0000000c T __errno
00110058 00000034 T exit
0011008c 0000003c T __libc_fini_array
001100c8 000000f8 T _malloc_trim_r
001101c0 000002e8 T _free_r
001104a8 00000084 T __libc_init_array
0011052c 00000020 T memalign
0011054c 0000014c T _memalign_r
00110698 00000018 T malloc
001106b0 00000018 T free
001106c8 000007e4 T _malloc_r
00110eac 00000118 T memcpy
00110fc4 000000f4 T memset
001110b8 0000000c T __malloc_lock
001110c4 0000000c T __malloc_unlock
001110d0 00000a04 T qsort
00111ad4 00000130 T strchr
00111c04 0000005c T strlen
00111c60 000000e4 T strncat
00111d44 000000e4 T strncmp
00111e28 000000c4 T strncpy
00111eec 00000048 T strnlen
00111f34 000001c4 t _strtoul_l.constprop.0
001120f8 00000028 T strtoul
00112120 00000114 T __call_exitprocs
00112234 00000008 t null_write
0011223c 00000018 T setDefaultDevice
00112254 000000c8 T FindDevice
0011231c 00000028 T RemoveDevice
00112344 0000009c T AddDevice
001123e0 00000020 T GetDeviceOpTab
00112400 00000078 T _sbrk_r
00112478 00000020 T _exit
00112498 000001a4 T _concatenate_path
0011263c 00000140 T chdir
0011277c 0000002c T __getreent
001127a8 0000001c T __libc_lock_acquire_recursive
001127c4 0000001c T __libc_lock_release_recursive
001127e0 00000048 T strrchr
00112828 T _fini
0011302c R render2d_shbin
001131b8 R render2d_shbin_end
001131b8 R render2d_shbin_size
001131bc 00000005 r colorFmtSizes
001131c4 00000004 r depthFmtSizes
001131c8 00000010 r CSWTCH.9
001131fc 00000008 r morton_y.2
00113204 00000008 r morton_x.3
0011320c 00000008 r s_sleepWakeEvents.4
00113270 00000030 r error_table
001132a8 00000070 r archive_devoptab
00113318 00000004 R _global_impure_ptr
0011331c 00000101 R _ctype_
00113420 00000070 R dotab_stdnull
00113490 R __tdata_align
00113494 r 
00113494 R __exidx_end
00113494 R __exidx_start
00114000 00000004 d framerate
00114004 00000008 d framerateCounter
0011400c 00000004 d queueLock
00114010 00000004 d kCount
00114014 00000004 d kInterval
00114018 00000004 d kDelay
0011401c W __stacksize__
00114020 00000004 D _impure_ptr
00114028 00000460 d impure_data
00114488 00000004 D __malloc_sbrk_base
0011448c 00000004 D __malloc_trim_threshold
00114490 00000408 D __malloc_av_
00114898 0000008c D devoptab_list
00114924 00000004 d defaultDevice
00114928 00000400 d _current_working_directory
00114d30 d _GLOBAL_OFFSET_TABLE_
00114d3c d __frame_dummy_init_array_entry
00114d3c D __init_array_start
00114d3c B __preinit_array_end
00114d3c B __preinit_array_start
00114d3c D __tdata_lma
00114d3c D __tdata_lma_end
00114d40 d __do_global_dtors_aux_fini_array_entry
00114d40 D __fini_array_start
00114d40 D __init_array_end
00114d44 D __bss_start__
00114d44 b completed.1
00114d44 D __fini_array_end
00114d48 b object.0
00114d60 000005a8 B __C2Di_Context
00115308 00000040 b s_projBot
00115348 00000040 b s_projTop
00115388 00000004 b uLoc_mdlvMtx
0011538c 00000004 b uLoc_projMtx
00115390 00000004 b s_glyphSheets
00115394 00000004 b s_textScale
00115398 000002d0 B __C3D_Context
00115668 0000000c b hookCookie
00115678 00000010 b cpuTime
00115688 00000004 b firstTarget
0011568c 00000008 b frameCounter
00115694 00000004 b frameEndCb
00115698 00000004 b frameEndCbData
001156a0 00000010 b gpuTime
001156b0 00000001 b inFrame
001156b1 00000001 b inSafeTransfer
001156b2 00000001 b isTopStereo
001156b4 00000004 b lastTarget
001156b8 0000000c b linkedTarget
001156c4 00000001 b measureGpuTime
001156c5 00000001 b needSwapBot
001156c6 00000001 b needSwapTop
001156c8 00000004 B C3D_BoolUnifs
001156cc 00000002 B C3D_BoolUnifsDirty
001156d0 00000c00 B C3D_FVUnif
001162d0 000000c0 B C3D_FVUnifDirty
00116390 00000020 B C3D_IVUnif
001163b0 00000008 B C3D_IVUnifDirty
001163b8 000000c0 b C3Di_FVUnifEverDirty
00116478 00000008 b C3Di_IVUnifEverDirty
00116480 00000018 b C3Di_ShaderFVecData
00116498 00000008 b sVramPoolB
001164a0 00000008 b sVramPoolA
001164a8 0000000c b sAddrMap
001164b8 00000008 b sLinearPool
001164c0 0000000c b sAddrMap
001164cc 00000001 V __ctru_speedup
001164d0 00000004 b sharedFontAddr
001164d4 00000004 B g_sharedFont
001164d8 00000004 b screenAlloc
001164dc 00000004 b screenFree
001164e0 00000002 b gfxIsDoubleBuf
001164e4 00000002 b gfxCurBuf
001164e6 00000001 b gfxIsVram
001164e7 00000001 b gfxTopMode
001164e8 00000002 b gfxFramebufferFormats
001164ec 00000004 b gfxBottomFramebufferMaxSize
001164f0 00000004 b gfxTopFramebufferMaxSize
001164f8 00000008 b gfxBottomFramebuffers
00116500 00000008 b gfxTopFramebuffers
00116508 00000004 b boundQueue
0011650c 00000001 b shouldStop
0011650d 00000001 b isRunning
0011650e 00000001 b isActive
00116510 00000004 b curQueue
00116514 00000004 B gpuCmdBufOffset
00116518 00000004 B gpuCmdBufSize
0011651c 00000004 B gpuCmdBuf
00116520 00000007 b gspEventCbOneShot
00116528 0000001c b gspEventCbData
00116544 0000001c b gspEventCb
00116560 00000038 b gspEvents
00116598 00000004 b gspLastEvent
0011659c 00000001 b gspRunEvents
001165a0 00000004 b gspEventThread
001165a4 00000004 b gspEvent
001165a8 00000001 b gspGpuRight
001165a9 00000001 b gspThreadId
001165ac 00000004 b gspSharedMem
001165b0 00000004 b gspSharedMemHandle
001165b4 00000004 b gspRefCount
001165b8 00000004 b gspGpuHandle
001165bc 00000001 b flagValue.0
001165bd 00000001 b flagInit.1
001165c0 00000004 b serviceName.6
001165c4 00000001 b aptChainloadMediatype
001165c8 00000008 b aptChainloadTid
001165d0 00000001 b aptChainloadFlags
001165d4 00001000 b aptParameters
001175d4 00000004 b aptFlags
001175d8 00000001 b aptHomeButtonState
001175dc 00000004 b aptMessageFuncData
001175e0 00000004 b aptMessageFunc
001175e4 0000000c b aptFirstHook
001175f0 00000001 b aptEventHandlerThreadQuit
001175f4 00000004 b aptEventHandlerThread
001175f8 00000008 b aptSleepEvent
00117600 00000008 b aptReceiveEvent
00117608 00000008 b aptEvents
00117610 00000004 b aptLockHandle
00117614 00000004 b aptRefCount
00117618 00000001 b usingIrrst
0011761c 00000004 b hidRefCount
00117620 00000006 b gRate
00117628 00000006 b aVec
00117630 00000004 b cPos
00117634 00000004 b tPos
00117638 00000004 b kRepeat
0011763c 00000004 b kUp
00117640 00000004 b kDown
00117644 00000004 b kHeld
00117648 00000004 b kOld
0011764c 00000004 B hidSharedMem
00117650 00000014 B hidEvents
00117664 00000004 B hidMemHandle
00117668 00000004 B hidHandle
0011766c 00000004 b ptmSysmRefCount
00117670 00000004 b ptmSysmHandle
00117678 00000080 b fsExemptArchives
001176f8 00000004 b fsuRefCount
001176fc 00000004 b fsuHandle
00117700 00000004 V __ctru_linear_heap_size
00117704 00000004 V __ctru_heap_size
00117708 00000004 B __ctru_linear_heap
0011770c 00000004 B __ctru_heap
00117710 00000004 B __system_retAddr
00117714 00000004 B __system_argv
00117718 00000004 B __system_argc
0011771c b saved_stack
00117724 00000004 b arbiter
00117728 00000004 B __3dslink_host
0011772c 00000004 b srvRefCount
00117730 00000004 b srvHandle
00117734 00000004 b currentAddr
00117738 00000004 b maxAddr
0011773c 00000004 b minAddr
00117740 00000004 b irrstRefCount
00117744 00000004 b csPos
00117748 00000004 b kHeld
0011774c 00000004 B irrstSharedMem
00117750 00000004 B irrstEvent
00117754 00000004 B irrstMemHandle
00117758 00000004 B irrstHandle
0011775c 00000004 b srvPmHandle
00117760 00000540 b archive_devices
00117ca0 00000004 b archive_device_cwd
00117ca4 00000001 b archive_initialized
00117ca8 00000028 B __malloc_current_mallinfo
00117cd0 00000004 B __malloc_max_total_mem
00117cd4 00000004 B __malloc_max_sbrked_mem
00117cd8 00000004 B __malloc_top_pad
00117cdc 0000000c b __malloc_recursive_mutex
00117ce8 0000000c B __atexit_recursive_mutex
00117cf4 00000004 b heap_start.0
00117cf8 00000004 B fake_heap_start
00117cfc 00000004 B fake_heap_end
00117d00 00000400 b temp_cwd
00118100 B __tls_start
00118d08 B __bss_end__
00118d08 A __end__
00118d08 B __tls_end
